<?xml version="1.0" encoding="UTF-8"?>
<!-- Generated by org.testng.reporters.JUnitReportReporter -->
<testsuite hostname="DESKTOP-ISBFJ8U" failures="0" tests="11" name="testNg.DataProviderExcelMultipledata" time="0.093" errors="0" timestamp="2023-05-29T21:23:34 IST" skipped="0">
  <testcase classname="testNg.DataProviderExcelMultipledata" name="TestExample" time="0.007"/>
  <system-out/>
  <testcase classname="testNg.DataProviderExcelMultipledata" name="TestExample" time="0.005"/>
  <system-out/>
  <testcase classname="testNg.DataProviderExcelMultipledata" name="TestExample" time="0.019"/>
  <system-out/>
  <testcase classname="testNg.DataProviderExcelMultipledata" name="TestExample" time="0.003"/>
  <system-out/>
  <testcase classname="testNg.DataProviderExcelMultipledata" name="TestExample" time="0.016"/>
  <system-out/>
  <testcase classname="testNg.DataProviderExcelMultipledata" name="TestExample" time="0.005"/>
  <system-out/>
  <testcase classname="testNg.DataProviderExcelMultipledata" name="TestExample" time="0.012"/>
  <system-out/>
  <testcase classname="testNg.DataProviderExcelMultipledata" name="TestExample" time="0.006"/>
  <system-out/>
  <testcase classname="testNg.DataProviderExcelMultipledata" name="TestExample" time="0.010"/>
  <system-out/>
  <testcase classname="testNg.DataProviderExcelMultipledata" name="TestExample" time="0.008"/>
  <system-out/>
  <testcase classname="testNg.DataProviderExcelMultipledata" name="TestExample" time="0.002"/>
  <system-out/>
</testsuite> <!-- testNg.DataProviderExcelMultipledata -->
