<?xml version="1.0" encoding="UTF-8"?>
<!-- Generated by org.testng.reporters.JUnitReportReporter -->
<testsuite hostname="DESKTOP-ISBFJ8U" failures="0" tests="3" name="testNg.DataProvider1" time="0.037" errors="0" timestamp="2023-05-29T20:01:05 IST" skipped="0">
  <testcase classname="testNg.DataProvider1" name="TestExample" time="0.005"/>
  <system-out/>
  <testcase classname="testNg.DataProvider1" name="TestExample" time="0.002"/>
  <system-out/>
  <testcase classname="testNg.DataProvider1" name="TestExample" time="0.030"/>
  <system-out/>
</testsuite> <!-- testNg.DataProvider1 -->
