<?xml version="1.0" encoding="UTF-8"?>
<!-- Generated by org.testng.reporters.JUnitReportReporter -->
<testsuite hostname="DESKTOP-ISBFJ8U" failures="0" tests="3" name="testNg.TestNgPractise" time="0.049" errors="0" timestamp="2023-05-29T19:08:34 IST" skipped="0">
  <testcase classname="testNg.TestNgPractise" name="m1" time="0.009"/>
  <system-out/>
  <testcase classname="testNg.TestNgPractise" name="m1" time="0.030"/>
  <system-out/>
  <testcase classname="testNg.TestNgPractise" name="m1" time="0.010"/>
  <system-out/>
</testsuite> <!-- testNg.TestNgPractise -->
